Using pre-set license
Built from '2020.3/staging' branch; Version is '2020.3.22f1 (e1a7f79fd887) revision 14788599'; Using compiler version '192528614'; Build Type 'Release'
OS: 'Windows 10 Home; OS build 19044.1766; Version 2009; 64bit' Language: 'en' Physical Memory: 16326 MB
BatchMode: 1, IsHumanControllingUs: 0, StartBugReporterOnCrash: 0, Is64bit: 1, IsPro: 0

COMMAND LINE ARGUMENTS:
C:\Program Files\Unity\Hub\Editor\2020.3.22f1\Editor\Unity.exe
-adb2
-batchMode
-noUpm
-name
AssetImportWorker0
-projectPath
C:/Users/BBelt/Documents/UnityRepo/FPS_Prototype
-logFile
Logs/AssetImportWorker0.log
-srvPort
59631
Successfully changed project path to: C:/Users/BBelt/Documents/UnityRepo/FPS_Prototype
C:/Users/BBelt/Documents/UnityRepo/FPS_Prototype
Using Asset Import Pipeline V2.
Refreshing native plugins compatible for Editor in 74.35 ms, found 6 plugins.
Preloading 1 native plugins for Editor in 0.66 ms.
Initialize engine version: 2020.3.22f1 (e1a7f79fd887)
[Subsystems] Discovering subsystems at path C:/Program Files/Unity/Hub/Editor/2020.3.22f1/Editor/Data/Resources/UnitySubsystems
[Subsystems] Discovering subsystems at path C:/Users/BBelt/Documents/UnityRepo/FPS_Prototype/Assets
GfxDevice: creating device client; threaded=0
Direct3D:
    Version:  Direct3D 11.0 [level 11.1]
    Renderer: NVIDIA GeForce GTX 980 Ti (ID=0x17c8)
    Vendor:   
    VRAM:     6097 MB
    Driver:   30.0.15.1165
Shader 'Oculus/OVRMRCameraFrameLit': fallback shader 'Alpha-Diffuse' not found
Initialize mono
Mono path[0] = 'C:/Program Files/Unity/Hub/Editor/2020.3.22f1/Editor/Data/Managed'
Mono path[1] = 'C:/Program Files/Unity/Hub/Editor/2020.3.22f1/Editor/Data/MonoBleedingEdge/lib/mono/unityjit'
Mono config path = 'C:/Program Files/Unity/Hub/Editor/2020.3.22f1/Editor/Data/MonoBleedingEdge/etc'
Using monoOptions --debugger-agent=transport=dt_socket,embedding=1,server=y,suspend=n,address=127.0.0.1:56764
Begin MonoManager ReloadAssembly
Registering precompiled unity dll's ...
Register platform support module: C:/Program Files/Unity/Hub/Editor/2020.3.22f1/Editor/Data/PlaybackEngines/WindowsStandaloneSupport/UnityEditor.WindowsStandalone.Extensions.dll
Registered in 0.001847 seconds.
Native extension for WindowsStandalone target not found
Refreshing native plugins compatible for Editor in 63.25 ms, found 6 plugins.
Preloading 1 native plugins for Editor in 0.06 ms.
Mono: successfully reloaded assembly
- Completed reload, in  1.657 seconds
Domain Reload Profiling:
	ReloadAssembly (1658ms)
		BeginReloadAssembly (47ms)
			ExecutionOrderSort (0ms)
			DisableScriptedObjects (0ms)
			BackupInstance (0ms)
			ReleaseScriptingObjects (0ms)
			CreateAndSetChildDomain (1ms)
		EndReloadAssembly (402ms)
			LoadAssemblies (45ms)
			RebuildTransferFunctionScriptingTraits (0ms)
			SetupTypeCache (124ms)
			ReleaseScriptCaches (0ms)
			RebuildScriptCaches (25ms)
			SetupLoadedEditorAssemblies (165ms)
				LogAssemblyErrors (0ms)
				InitializePlatformSupportModulesInManaged (3ms)
				SetLoadedEditorAssemblies (0ms)
				RefreshPlugins (63ms)
				BeforeProcessingInitializeOnLoad (11ms)
				ProcessInitializeOnLoadAttributes (66ms)
				ProcessInitializeOnLoadMethodAttributes (22ms)
				AfterProcessingInitializeOnLoad (0ms)
				EditorAssembliesLoaded (0ms)
			ExecutionOrderSort2 (0ms)
			AwakeInstancesAfterBackupRestoration (0ms)
Platform modules already initialized, skipping
Registering precompiled user dll's ...
Registered in 0.007358 seconds.
Begin MonoManager ReloadAssembly
Native extension for WindowsStandalone target not found
Refreshing native plugins compatible for Editor in 65.96 ms, found 6 plugins.
Preloading 1 native plugins for Editor in 0.06 ms.
[XR] OculusXRPlugin: registering subsystems
[XR] Unable to register display lifecyle provider: [1]
[XR] Oculus Input lifecycle provider registered.
[XR] Unable to register input lifecyle provider: [1]
[XR] OVRP version 1.65.0
Mono: successfully reloaded assembly
- Completed reload, in  1.073 seconds
Domain Reload Profiling:
	ReloadAssembly (1074ms)
		BeginReloadAssembly (122ms)
			ExecutionOrderSort (0ms)
			DisableScriptedObjects (4ms)
			BackupInstance (0ms)
			ReleaseScriptingObjects (0ms)
			CreateAndSetChildDomain (16ms)
		EndReloadAssembly (899ms)
			LoadAssemblies (88ms)
			RebuildTransferFunctionScriptingTraits (0ms)
			SetupTypeCache (305ms)
			ReleaseScriptCaches (1ms)
			RebuildScriptCaches (48ms)
			SetupLoadedEditorAssemblies (339ms)
				LogAssemblyErrors (0ms)
				InitializePlatformSupportModulesInManaged (4ms)
				SetLoadedEditorAssemblies (0ms)
				RefreshPlugins (66ms)
				BeforeProcessingInitializeOnLoad (82ms)
				ProcessInitializeOnLoadAttributes (167ms)
				ProcessInitializeOnLoadMethodAttributes (14ms)
				AfterProcessingInitializeOnLoad (6ms)
				EditorAssembliesLoaded (0ms)
			ExecutionOrderSort2 (0ms)
			AwakeInstancesAfterBackupRestoration (5ms)
Platform modules already initialized, skipping
========================================================================
Worker process is ready to serve import requests
Shader 'Oculus/OVRMRCameraFrameLit': fallback shader 'Alpha-Diffuse' not found
Launched and connected shader compiler UnityShaderCompiler.exe after 0.05 seconds
Refreshing native plugins compatible for Editor in 0.77 ms, found 6 plugins.
Preloading 1 native plugins for Editor in 0.06 ms.
Unloading 3495 Unused Serialized files (Serialized files now loaded: 0)
System memory in use before: 158.2 MB.
System memory in use after: 158.4 MB.

Unloading 46 unused Assets to reduce memory usage. Loaded Objects now: 3906.
Total: 3.408200 ms (FindLiveObjects: 0.338700 ms CreateObjectMapping: 0.178800 ms MarkObjects: 2.818700 ms  DeleteObjects: 0.070900 ms)

AssetImportParameters requested are different than current active one (requested -> active):
  custom:framework-win-MediaFoundation: 216162199b28c13a410421893ffa2e32 -> 
  custom:video-decoder-ogg-theora: a1e56fd34408186e4bbccfd4996cb3dc -> 
  custom:container-muxer-webm: aa71ff27fc2769a1b78a27578f13a17b -> 
  custom:container-demuxer-webm: 4f35f7cbe854078d1ac9338744f61a02 -> 
  custom:container-demuxer-ogg: 62fdf1f143b41e24485cea50d1cbac27 -> 
  custom:video-encoder-webm-vp8: eb34c28f22e8b96e1ab97ce403110664 -> 
  custom:video-decoder-webm-vp8: 9c59270c3fd7afecdb556c50c9e8de78 -> 
  custom:audio-decoder-ogg-vorbis: bf7c407c2cedff20999df2af8eb42d56 -> 
  custom:audio-encoder-webm-vorbis: bf7c407c2cedff20999df2af8eb42d56 -> 
========================================================================
Received Import Request.
  path: Assets/_Project/ScriptableObjects/ShotgunTwo_ShotgunSO.asset
  artifactKey: Guid(df6263d37b7d62c43982ff4fd5c32246) Importer(815301076,1909f56bfc062723c751e8b465ee728b)
Start importing Assets/_Project/ScriptableObjects/ShotgunTwo_ShotgunSO.asset using Guid(df6263d37b7d62c43982ff4fd5c32246) Importer(815301076,1909f56bfc062723c751e8b465ee728b)  -> (artifact id: '3c72069cd72e7c8921b49ca31b7570fd') in 0.038823 seconds 
  Import took 0.043397 seconds .

========================================================================
Received Import Request.
  Time since last request: 0.000272 seconds.
  path: Assets/_Project/ScriptableObjects/PistolTwo_SemiAutomaticSO.asset
  artifactKey: Guid(882517b7d556cd141b56a82f2a41ec66) Importer(815301076,1909f56bfc062723c751e8b465ee728b)
Start importing Assets/_Project/ScriptableObjects/PistolTwo_SemiAutomaticSO.asset using Guid(882517b7d556cd141b56a82f2a41ec66) Importer(815301076,1909f56bfc062723c751e8b465ee728b)  -> (artifact id: '22db68f56a2b03ff127333ce63bf2892') in 0.005644 seconds 
  Import took 0.010035 seconds .

========================================================================
Received Import Request.
  Time since last request: 0.000250 seconds.
  path: Assets/_Project/ScriptableObjects/MachineGunTwo_AutomaticSO.asset
  artifactKey: Guid(cf0f1d0d9e3e2ff418909fed4c6772af) Importer(815301076,1909f56bfc062723c751e8b465ee728b)
Start importing Assets/_Project/ScriptableObjects/MachineGunTwo_AutomaticSO.asset using Guid(cf0f1d0d9e3e2ff418909fed4c6772af) Importer(815301076,1909f56bfc062723c751e8b465ee728b)  -> (artifact id: '82f1801f648efde1d17812b570df838c') in 0.005583 seconds 
  Import took 0.010274 seconds .

========================================================================
Received Import Request.
  Time since last request: 0.000236 seconds.
  path: Assets/_Project/ScriptableObjects/MachineGunOne_AutomaticSO.asset
  artifactKey: Guid(4aff3b5c9ea194d46b527589a361d44c) Importer(815301076,1909f56bfc062723c751e8b465ee728b)
Start importing Assets/_Project/ScriptableObjects/MachineGunOne_AutomaticSO.asset using Guid(4aff3b5c9ea194d46b527589a361d44c) Importer(815301076,1909f56bfc062723c751e8b465ee728b)  -> (artifact id: '26faa74bd818285ab60e0152cb41cdf9') in 0.005258 seconds 
  Import took 0.009902 seconds .

========================================================================
Received Import Request.
  Time since last request: 0.000218 seconds.
  path: Assets/_Project/ScriptableObjects/ShotgunOne_ShotgunSO.asset
  artifactKey: Guid(ab8b1c3ee79f773488d085de4124dd1d) Importer(815301076,1909f56bfc062723c751e8b465ee728b)
Start importing Assets/_Project/ScriptableObjects/ShotgunOne_ShotgunSO.asset using Guid(ab8b1c3ee79f773488d085de4124dd1d) Importer(815301076,1909f56bfc062723c751e8b465ee728b)  -> (artifact id: '515ffd2f738f2c4399d1b0d9aacb2847') in 0.005386 seconds 
  Import took 0.010131 seconds .

========================================================================
Received Import Request.
  Time since last request: 0.000232 seconds.
  path: Assets/_Project/ScriptableObjects/PistolOne_SemiAutomaticSO.asset
  artifactKey: Guid(eeee2a63f004e6f49b7911a1bccc85b0) Importer(815301076,1909f56bfc062723c751e8b465ee728b)
Start importing Assets/_Project/ScriptableObjects/PistolOne_SemiAutomaticSO.asset using Guid(eeee2a63f004e6f49b7911a1bccc85b0) Importer(815301076,1909f56bfc062723c751e8b465ee728b)  -> (artifact id: '24e56cc4c5ee8c83e81a76805906aff8') in 0.005088 seconds 
  Import took 0.009812 seconds .

========================================================================
Received Prepare
Registering precompiled user dll's ...
Registered in 0.006851 seconds.
Begin MonoManager ReloadAssembly
Native extension for WindowsStandalone target not found
Refreshing native plugins compatible for Editor in 0.83 ms, found 6 plugins.
Preloading 1 native plugins for Editor in 0.07 ms.
Mono: successfully reloaded assembly
- Completed reload, in  0.903 seconds
Domain Reload Profiling:
	ReloadAssembly (903ms)
		BeginReloadAssembly (101ms)
			ExecutionOrderSort (0ms)
			DisableScriptedObjects (4ms)
			BackupInstance (0ms)
			ReleaseScriptingObjects (0ms)
			CreateAndSetChildDomain (31ms)
		EndReloadAssembly (750ms)
			LoadAssemblies (79ms)
			RebuildTransferFunctionScriptingTraits (0ms)
			SetupTypeCache (267ms)
			ReleaseScriptCaches (1ms)
			RebuildScriptCaches (34ms)
			SetupLoadedEditorAssemblies (266ms)
				LogAssemblyErrors (0ms)
				InitializePlatformSupportModulesInManaged (4ms)
				SetLoadedEditorAssemblies (0ms)
				RefreshPlugins (1ms)
				BeforeProcessingInitializeOnLoad (86ms)
				ProcessInitializeOnLoadAttributes (160ms)
				ProcessInitializeOnLoadMethodAttributes (9ms)
				AfterProcessingInitializeOnLoad (6ms)
				EditorAssembliesLoaded (0ms)
			ExecutionOrderSort2 (0ms)
			AwakeInstancesAfterBackupRestoration (8ms)
Platform modules already initialized, skipping
Switching build target platform(19) subTarget(0) extendedPlatform(0) -> platform(13) subTarget(524288) extendedPlatform(0)
Shader 'Oculus/OVRMRCameraFrameLit': fallback shader 'Alpha-Diffuse' not found
Refreshing native plugins compatible for Editor in 0.84 ms, found 6 plugins.
Preloading 1 native plugins for Editor in 0.07 ms.
Unloading 3325 Unused Serialized files (Serialized files now loaded: 0)
System memory in use before: 145.2 MB.
System memory in use after: 145.4 MB.

Unloading 41 unused Assets to reduce memory usage. Loaded Objects now: 3909.
Total: 3.388000 ms (FindLiveObjects: 0.271700 ms CreateObjectMapping: 0.139900 ms MarkObjects: 2.949800 ms  DeleteObjects: 0.025900 ms)

AssetImportParameters requested are different than current active one (requested -> active):
  custom:framework-win-MediaFoundation: 216162199b28c13a410421893ffa2e32 -> 
  custom:video-decoder-ogg-theora: a1e56fd34408186e4bbccfd4996cb3dc -> 
  custom:container-muxer-webm: aa71ff27fc2769a1b78a27578f13a17b -> 
  custom:container-demuxer-webm: 4f35f7cbe854078d1ac9338744f61a02 -> 
  custom:container-demuxer-ogg: 62fdf1f143b41e24485cea50d1cbac27 -> 
  custom:video-encoder-webm-vp8: eb34c28f22e8b96e1ab97ce403110664 -> 
  custom:video-decoder-webm-vp8: 9c59270c3fd7afecdb556c50c9e8de78 -> 
  custom:graphics/normal-map-encoding: 01000000000000000000000000000000 -> 02000000000000000000000000000000
  custom:audio-decoder-ogg-vorbis: bf7c407c2cedff20999df2af8eb42d56 -> 
  custom:audio-encoder-webm-vorbis: bf7c407c2cedff20999df2af8eb42d56 -> 
AssetImportWorkerClient::OnTransportError - code=2 error=End of file
